<?xml version="1.0" encoding="UTF-8"?>
<!-- Generated by org.testng.reporters.JUnitReportReporter -->
<testsuite skipped="0" hostname="admin-PC" name="basicAnnotations.Testing1" tests="2" failures="0" timestamp="03 Mar 2019 07:02:02 GMT" time="0.016" errors="0">
  <testcase name="test2" time="0.000" classname="basicAnnotations.Testing1"/>
  <testcase name="test1" time="0.016" classname="basicAnnotations.Testing1"/>
</testsuite> <!-- basicAnnotations.Testing1 -->
